[2025-04-30T15:01:13.882+0000] {taskinstance.py:1956} INFO - Dependencies all met for dep_context=non-requeueable deps ti=<TaskInstance: clima_pluviometro_precipitacao_96h.carregar_dados_precipitacao_96h manual__2025-04-30T15:01:09.852266+00:00 [queued]>
[2025-04-30T15:01:13.889+0000] {taskinstance.py:1956} INFO - Dependencies all met for dep_context=requeueable deps ti=<TaskInstance: clima_pluviometro_precipitacao_96h.carregar_dados_precipitacao_96h manual__2025-04-30T15:01:09.852266+00:00 [queued]>
[2025-04-30T15:01:13.889+0000] {taskinstance.py:2170} INFO - Starting attempt 1 of 1
[2025-04-30T15:01:13.898+0000] {taskinstance.py:2191} INFO - Executing <Task(PythonOperator): carregar_dados_precipitacao_96h> on 2025-04-30 15:01:09.852266+00:00
[2025-04-30T15:01:13.900+0000] {standard_task_runner.py:60} INFO - Started process 369 to run task
[2025-04-30T15:01:13.902+0000] {standard_task_runner.py:87} INFO - Running: ['***', 'tasks', 'run', 'clima_pluviometro_precipitacao_96h', 'carregar_dados_precipitacao_96h', 'manual__2025-04-30T15:01:09.852266+00:00', '--job-id', '294', '--raw', '--subdir', 'DAGS_FOLDER/clima_pluviometro.py', '--cfg-path', '/tmp/tmpz9phe90q']
[2025-04-30T15:01:13.903+0000] {standard_task_runner.py:88} INFO - Job 294: Subtask carregar_dados_precipitacao_96h
[2025-04-30T15:01:13.932+0000] {task_command.py:423} INFO - Running <TaskInstance: clima_pluviometro_precipitacao_96h.carregar_dados_precipitacao_96h manual__2025-04-30T15:01:09.852266+00:00 [running]> on host f6d22487287d
[2025-04-30T15:01:13.982+0000] {taskinstance.py:2480} INFO - Exporting env vars: AIRFLOW_CTX_DAG_OWNER='***' AIRFLOW_CTX_DAG_ID='clima_pluviometro_precipitacao_96h' AIRFLOW_CTX_TASK_ID='carregar_dados_precipitacao_96h' AIRFLOW_CTX_EXECUTION_DATE='2025-04-30T15:01:09.852266+00:00' AIRFLOW_CTX_TRY_NUMBER='1' AIRFLOW_CTX_DAG_RUN_ID='manual__2025-04-30T15:01:09.852266+00:00'
[2025-04-30T15:01:13.993+0000] {logging_mixin.py:188} INFO - [clima_alagamento.alagamento_120min] Recriando tabela...
[2025-04-30T15:01:14.002+0000] {logging_mixin.py:188} INFO - [clima_alagamento.alagamento_120min] Tabela criada e carregada.
[2025-04-30T15:01:14.002+0000] {logging_mixin.py:188} INFO - [clima_alagamento.alagamento_15min] Recriando tabela...
[2025-04-30T15:01:14.008+0000] {logging_mixin.py:188} INFO - [clima_alagamento.alagamento_15min] Tabela criada e carregada.
[2025-04-30T15:01:14.009+0000] {logging_mixin.py:188} INFO - [clima_radar.precipitacao_120min] Recriando tabela...
[2025-04-30T15:01:14.016+0000] {logging_mixin.py:188} INFO - [clima_radar.precipitacao_120min] Tabela criada e carregada.
[2025-04-30T15:01:14.016+0000] {logging_mixin.py:188} INFO - [clima_radar.precipitacao_15min] Recriando tabela...
[2025-04-30T15:01:14.023+0000] {logging_mixin.py:188} INFO - [clima_radar.precipitacao_15min] Tabela criada e carregada.
[2025-04-30T15:01:14.024+0000] {logging_mixin.py:188} INFO - [clima_pluviometro.precipitacao_6h] Recriando tabela...
[2025-04-30T15:01:14.037+0000] {logging_mixin.py:188} INFO - [clima_pluviometro.precipitacao_6h] Tabela criada e carregada.
[2025-04-30T15:01:14.037+0000] {logging_mixin.py:188} INFO - [clima_pluviometro.precipitacao_24h] Recriando tabela...
[2025-04-30T15:01:14.057+0000] {logging_mixin.py:188} INFO - [clima_pluviometro.precipitacao_24h] Tabela criada e carregada.
[2025-04-30T15:01:14.057+0000] {logging_mixin.py:188} INFO - [clima_pluviometro.precipitacao_96h] Recriando tabela...
[2025-04-30T15:01:14.063+0000] {logging_mixin.py:188} INFO - [clima_pluviometro.precipitacao_96h] Tabela criada e carregada.
[2025-04-30T15:01:14.064+0000] {logging_mixin.py:188} INFO - [clima_pluviometro.precipitacao_30min] Recriando tabela...
[2025-04-30T15:01:14.097+0000] {logging_mixin.py:188} INFO - [clima_pluviometro.precipitacao_30min] Tabela criada e carregada.
[2025-04-30T15:01:14.098+0000] {logging_mixin.py:188} INFO - [clima_pluviometro.precipitacao_120min] Recriando tabela...
[2025-04-30T15:01:14.106+0000] {logging_mixin.py:188} INFO - [clima_pluviometro.precipitacao_120min] Tabela criada e carregada.
[2025-04-30T15:01:14.107+0000] {logging_mixin.py:188} INFO - [clima_pluviometro.precipitacao_15min] Recriando tabela...
[2025-04-30T15:01:14.115+0000] {logging_mixin.py:188} INFO - [clima_pluviometro.precipitacao_15min] Tabela criada e carregada.
[2025-04-30T15:01:14.115+0000] {logging_mixin.py:188} INFO - [clima_pluviometro.precipitacao_12h] Recriando tabela...
[2025-04-30T15:01:14.123+0000] {logging_mixin.py:188} INFO - [clima_pluviometro.precipitacao_12h] Tabela criada e carregada.
[2025-04-30T15:01:14.204+0000] {python.py:201} INFO - Done. Returned value was: None
[2025-04-30T15:01:14.211+0000] {taskinstance.py:1138} INFO - Marking task as SUCCESS. dag_id=clima_pluviometro_precipitacao_96h, task_id=carregar_dados_precipitacao_96h, execution_date=20250430T150109, start_date=20250430T150113, end_date=20250430T150114
[2025-04-30T15:01:14.235+0000] {local_task_job_runner.py:234} INFO - Task exited with return code 0
[2025-04-30T15:01:14.246+0000] {taskinstance.py:3280} INFO - 0 downstream tasks scheduled from follow-on schedule check
