[2025-04-30T14:29:52.255+0000] {taskinstance.py:1956} INFO - Dependencies all met for dep_context=non-requeueable deps ti=<TaskInstance: clima_pluviometro_ultima_atualizacao_precipitacao_24h.carregar_dados_ultima_atualizacao_precipitacao_24h manual__2025-04-30T14:29:49.532103+00:00 [queued]>
[2025-04-30T14:29:52.260+0000] {taskinstance.py:1956} INFO - Dependencies all met for dep_context=requeueable deps ti=<TaskInstance: clima_pluviometro_ultima_atualizacao_precipitacao_24h.carregar_dados_ultima_atualizacao_precipitacao_24h manual__2025-04-30T14:29:49.532103+00:00 [queued]>
[2025-04-30T14:29:52.260+0000] {taskinstance.py:2170} INFO - Starting attempt 1 of 1
[2025-04-30T14:29:52.268+0000] {taskinstance.py:2191} INFO - Executing <Task(PythonOperator): carregar_dados_ultima_atualizacao_precipitacao_24h> on 2025-04-30 14:29:49.532103+00:00
[2025-04-30T14:29:52.271+0000] {standard_task_runner.py:60} INFO - Started process 245 to run task
[2025-04-30T14:29:52.273+0000] {standard_task_runner.py:87} INFO - Running: ['***', 'tasks', 'run', 'clima_pluviometro_ultima_atualizacao_precipitacao_24h', 'carregar_dados_ultima_atualizacao_precipitacao_24h', 'manual__2025-04-30T14:29:49.532103+00:00', '--job-id', '271', '--raw', '--subdir', 'DAGS_FOLDER/clima_pluviometro.py', '--cfg-path', '/tmp/tmp9jobps1y']
[2025-04-30T14:29:52.274+0000] {standard_task_runner.py:88} INFO - Job 271: Subtask carregar_dados_ultima_atualizacao_precipitacao_24h
[2025-04-30T14:29:52.305+0000] {task_command.py:423} INFO - Running <TaskInstance: clima_pluviometro_ultima_atualizacao_precipitacao_24h.carregar_dados_ultima_atualizacao_precipitacao_24h manual__2025-04-30T14:29:49.532103+00:00 [running]> on host 8c2672e2ea19
[2025-04-30T14:29:52.355+0000] {taskinstance.py:2480} INFO - Exporting env vars: AIRFLOW_CTX_DAG_OWNER='***' AIRFLOW_CTX_DAG_ID='clima_pluviometro_ultima_atualizacao_precipitacao_24h' AIRFLOW_CTX_TASK_ID='carregar_dados_ultima_atualizacao_precipitacao_24h' AIRFLOW_CTX_EXECUTION_DATE='2025-04-30T14:29:49.532103+00:00' AIRFLOW_CTX_TRY_NUMBER='1' AIRFLOW_CTX_DAG_RUN_ID='manual__2025-04-30T14:29:49.532103+00:00'
[2025-04-30T14:29:52.371+0000] {logging_mixin.py:188} INFO - [clima_alagamento.alagamento_120min] Recriando tabela...
[2025-04-30T14:29:52.387+0000] {logging_mixin.py:188} INFO - [clima_alagamento.alagamento_120min] Tabela criada e carregada.
[2025-04-30T14:29:52.389+0000] {logging_mixin.py:188} INFO - [clima_radar.precipitacao_120min] Recriando tabela...
[2025-04-30T14:29:52.400+0000] {logging_mixin.py:188} INFO - [clima_radar.precipitacao_120min] Tabela criada e carregada.
[2025-04-30T14:29:52.401+0000] {logging_mixin.py:188} INFO - [clima_radar.precipitacao_15min] Recriando tabela...
[2025-04-30T14:29:52.410+0000] {logging_mixin.py:188} INFO - [clima_radar.precipitacao_15min] Tabela criada e carregada.
[2025-04-30T14:29:52.411+0000] {logging_mixin.py:188} INFO - [clima_pluviometro.precipitacao_24h] Recriando tabela...
[2025-04-30T14:29:52.437+0000] {logging_mixin.py:188} INFO - [clima_pluviometro.precipitacao_24h] Tabela criada e carregada.
[2025-04-30T14:29:52.438+0000] {logging_mixin.py:188} INFO - [clima_pluviometro.precipitacao_30min] Recriando tabela...
[2025-04-30T14:29:52.480+0000] {logging_mixin.py:188} INFO - [clima_pluviometro.precipitacao_30min] Tabela criada e carregada.
[2025-04-30T14:29:52.528+0000] {python.py:201} INFO - Done. Returned value was: None
[2025-04-30T14:29:52.535+0000] {taskinstance.py:1138} INFO - Marking task as SUCCESS. dag_id=clima_pluviometro_ultima_atualizacao_precipitacao_24h, task_id=carregar_dados_ultima_atualizacao_precipitacao_24h, execution_date=20250430T142949, start_date=20250430T142952, end_date=20250430T142952
[2025-04-30T14:29:52.565+0000] {local_task_job_runner.py:234} INFO - Task exited with return code 0
[2025-04-30T14:29:52.575+0000] {taskinstance.py:3280} INFO - 0 downstream tasks scheduled from follow-on schedule check
