[2025-04-30T13:24:23.940+0000] {taskinstance.py:1956} INFO - Dependencies all met for dep_context=non-requeueable deps ti=<TaskInstance: clima_radar_precipitacao_120min.carregar_dados_precipitacao_120min manual__2025-04-30T13:24:18.380113+00:00 [queued]>
[2025-04-30T13:24:23.946+0000] {taskinstance.py:1956} INFO - Dependencies all met for dep_context=requeueable deps ti=<TaskInstance: clima_radar_precipitacao_120min.carregar_dados_precipitacao_120min manual__2025-04-30T13:24:18.380113+00:00 [queued]>
[2025-04-30T13:24:23.946+0000] {taskinstance.py:2170} INFO - Starting attempt 1 of 1
[2025-04-30T13:24:23.956+0000] {taskinstance.py:2191} INFO - Executing <Task(PythonOperator): carregar_dados_precipitacao_120min> on 2025-04-30 13:24:18.380113+00:00
[2025-04-30T13:24:23.959+0000] {standard_task_runner.py:60} INFO - Started process 358 to run task
[2025-04-30T13:24:23.961+0000] {standard_task_runner.py:87} INFO - Running: ['***', 'tasks', 'run', 'clima_radar_precipitacao_120min', 'carregar_dados_precipitacao_120min', 'manual__2025-04-30T13:24:18.380113+00:00', '--job-id', '251', '--raw', '--subdir', 'DAGS_FOLDER/clima_radar.py', '--cfg-path', '/tmp/tmp32ymas32']
[2025-04-30T13:24:23.963+0000] {standard_task_runner.py:88} INFO - Job 251: Subtask carregar_dados_precipitacao_120min
[2025-04-30T13:24:23.993+0000] {task_command.py:423} INFO - Running <TaskInstance: clima_radar_precipitacao_120min.carregar_dados_precipitacao_120min manual__2025-04-30T13:24:18.380113+00:00 [running]> on host 81c910e0b178
[2025-04-30T13:24:24.051+0000] {taskinstance.py:2480} INFO - Exporting env vars: AIRFLOW_CTX_DAG_OWNER='***' AIRFLOW_CTX_DAG_ID='clima_radar_precipitacao_120min' AIRFLOW_CTX_TASK_ID='carregar_dados_precipitacao_120min' AIRFLOW_CTX_EXECUTION_DATE='2025-04-30T13:24:18.380113+00:00' AIRFLOW_CTX_TRY_NUMBER='1' AIRFLOW_CTX_DAG_RUN_ID='manual__2025-04-30T13:24:18.380113+00:00'
[2025-04-30T13:24:24.063+0000] {logging_mixin.py:188} INFO - [clima_alagamento.alagamento_120min] Recriando tabela...
[2025-04-30T13:24:24.074+0000] {logging_mixin.py:188} INFO - [clima_alagamento.alagamento_120min] Tabela criada e carregada.
[2025-04-30T13:24:24.076+0000] {logging_mixin.py:188} INFO - [clima_radar.precipitacao_120min] Recriando tabela...
[2025-04-30T13:24:24.084+0000] {logging_mixin.py:188} INFO - [clima_radar.precipitacao_120min] Tabela criada e carregada.
[2025-04-30T13:24:24.084+0000] {logging_mixin.py:188} INFO - [clima_radar.precipitacao_15min] Recriando tabela...
[2025-04-30T13:24:24.090+0000] {logging_mixin.py:188} INFO - [clima_radar.precipitacao_15min] Tabela criada e carregada.
[2025-04-30T13:24:24.091+0000] {logging_mixin.py:188} INFO - [clima_pluviometro.precipitacao_24h] Recriando tabela...
[2025-04-30T13:24:24.117+0000] {logging_mixin.py:188} INFO - [clima_pluviometro.precipitacao_24h] Tabela criada e carregada.
[2025-04-30T13:24:24.117+0000] {logging_mixin.py:188} INFO - [clima_pluviometro.precipitacao_30min] Recriando tabela...
[2025-04-30T13:24:24.152+0000] {logging_mixin.py:188} INFO - [clima_pluviometro.precipitacao_30min] Tabela criada e carregada.
[2025-04-30T13:24:24.207+0000] {python.py:201} INFO - Done. Returned value was: None
[2025-04-30T13:24:24.214+0000] {taskinstance.py:1138} INFO - Marking task as SUCCESS. dag_id=clima_radar_precipitacao_120min, task_id=carregar_dados_precipitacao_120min, execution_date=20250430T132418, start_date=20250430T132423, end_date=20250430T132424
[2025-04-30T13:24:24.254+0000] {local_task_job_runner.py:234} INFO - Task exited with return code 0
[2025-04-30T13:24:24.268+0000] {taskinstance.py:3280} INFO - 0 downstream tasks scheduled from follow-on schedule check
