[2025-04-30T13:24:25.457+0000] {taskinstance.py:1956} INFO - Dependencies all met for dep_context=non-requeueable deps ti=<TaskInstance: vision_ai_ultima_atualizacao_cameras.carregar_dados_ultima_atualizacao_cameras manual__2025-04-30T13:24:22.377875+00:00 [queued]>
[2025-04-30T13:24:25.463+0000] {taskinstance.py:1956} INFO - Dependencies all met for dep_context=requeueable deps ti=<TaskInstance: vision_ai_ultima_atualizacao_cameras.carregar_dados_ultima_atualizacao_cameras manual__2025-04-30T13:24:22.377875+00:00 [queued]>
[2025-04-30T13:24:25.463+0000] {taskinstance.py:2170} INFO - Starting attempt 1 of 1
[2025-04-30T13:24:25.471+0000] {taskinstance.py:2191} INFO - Executing <Task(PythonOperator): carregar_dados_ultima_atualizacao_cameras> on 2025-04-30 13:24:22.377875+00:00
[2025-04-30T13:24:25.473+0000] {standard_task_runner.py:60} INFO - Started process 390 to run task
[2025-04-30T13:24:25.476+0000] {standard_task_runner.py:87} INFO - Running: ['***', 'tasks', 'run', 'vision_ai_ultima_atualizacao_cameras', 'carregar_dados_ultima_atualizacao_cameras', 'manual__2025-04-30T13:24:22.377875+00:00', '--job-id', '257', '--raw', '--subdir', 'DAGS_FOLDER/vision_ai.py', '--cfg-path', '/tmp/tmp6i3nelbo']
[2025-04-30T13:24:25.477+0000] {standard_task_runner.py:88} INFO - Job 257: Subtask carregar_dados_ultima_atualizacao_cameras
[2025-04-30T13:24:25.505+0000] {task_command.py:423} INFO - Running <TaskInstance: vision_ai_ultima_atualizacao_cameras.carregar_dados_ultima_atualizacao_cameras manual__2025-04-30T13:24:22.377875+00:00 [running]> on host 81c910e0b178
[2025-04-30T13:24:25.558+0000] {taskinstance.py:2480} INFO - Exporting env vars: AIRFLOW_CTX_DAG_OWNER='***' AIRFLOW_CTX_DAG_ID='vision_ai_ultima_atualizacao_cameras' AIRFLOW_CTX_TASK_ID='carregar_dados_ultima_atualizacao_cameras' AIRFLOW_CTX_EXECUTION_DATE='2025-04-30T13:24:22.377875+00:00' AIRFLOW_CTX_TRY_NUMBER='1' AIRFLOW_CTX_DAG_RUN_ID='manual__2025-04-30T13:24:22.377875+00:00'
[2025-04-30T13:24:25.569+0000] {logging_mixin.py:188} INFO - [clima_alagamento.alagamento_120min] Recriando tabela...
[2025-04-30T13:24:25.580+0000] {logging_mixin.py:188} INFO - [clima_alagamento.alagamento_120min] Tabela criada e carregada.
[2025-04-30T13:24:25.581+0000] {logging_mixin.py:188} INFO - [clima_radar.precipitacao_120min] Recriando tabela...
[2025-04-30T13:24:25.589+0000] {logging_mixin.py:188} INFO - [clima_radar.precipitacao_120min] Tabela criada e carregada.
[2025-04-30T13:24:25.589+0000] {logging_mixin.py:188} INFO - [clima_radar.precipitacao_15min] Recriando tabela...
[2025-04-30T13:24:25.596+0000] {logging_mixin.py:188} INFO - [clima_radar.precipitacao_15min] Tabela criada e carregada.
[2025-04-30T13:24:25.597+0000] {logging_mixin.py:188} INFO - [clima_pluviometro.precipitacao_24h] Recriando tabela...
[2025-04-30T13:24:25.713+0000] {logging_mixin.py:188} INFO - [clima_pluviometro.precipitacao_24h] Tabela criada e carregada.
[2025-04-30T13:24:25.713+0000] {logging_mixin.py:188} INFO - [clima_pluviometro.precipitacao_30min] Recriando tabela...
[2025-04-30T13:24:25.750+0000] {logging_mixin.py:188} INFO - [clima_pluviometro.precipitacao_30min] Tabela criada e carregada.
[2025-04-30T13:24:25.800+0000] {python.py:201} INFO - Done. Returned value was: None
[2025-04-30T13:24:25.807+0000] {taskinstance.py:1138} INFO - Marking task as SUCCESS. dag_id=vision_ai_ultima_atualizacao_cameras, task_id=carregar_dados_ultima_atualizacao_cameras, execution_date=20250430T132422, start_date=20250430T132425, end_date=20250430T132425
[2025-04-30T13:24:25.848+0000] {local_task_job_runner.py:234} INFO - Task exited with return code 0
[2025-04-30T13:24:25.863+0000] {taskinstance.py:3280} INFO - 0 downstream tasks scheduled from follow-on schedule check
