[2025-04-30T15:01:05.914+0000] {taskinstance.py:1956} INFO - Dependencies all met for dep_context=non-requeueable deps ti=<TaskInstance: clima_pluviometro_precipitacao_15min.carregar_dados_precipitacao_15min manual__2025-04-30T15:01:02.224317+00:00 [queued]>
[2025-04-30T15:01:05.919+0000] {taskinstance.py:1956} INFO - Dependencies all met for dep_context=requeueable deps ti=<TaskInstance: clima_pluviometro_precipitacao_15min.carregar_dados_precipitacao_15min manual__2025-04-30T15:01:02.224317+00:00 [queued]>
[2025-04-30T15:01:05.919+0000] {taskinstance.py:2170} INFO - Starting attempt 1 of 1
[2025-04-30T15:01:05.927+0000] {taskinstance.py:2191} INFO - Executing <Task(PythonOperator): carregar_dados_precipitacao_15min> on 2025-04-30 15:01:02.224317+00:00
[2025-04-30T15:01:05.930+0000] {standard_task_runner.py:60} INFO - Started process 315 to run task
[2025-04-30T15:01:05.932+0000] {standard_task_runner.py:87} INFO - Running: ['***', 'tasks', 'run', 'clima_pluviometro_precipitacao_15min', 'carregar_dados_precipitacao_15min', 'manual__2025-04-30T15:01:02.224317+00:00', '--job-id', '291', '--raw', '--subdir', 'DAGS_FOLDER/clima_pluviometro.py', '--cfg-path', '/tmp/tmp6yqyj8e4']
[2025-04-30T15:01:05.933+0000] {standard_task_runner.py:88} INFO - Job 291: Subtask carregar_dados_precipitacao_15min
[2025-04-30T15:01:05.962+0000] {task_command.py:423} INFO - Running <TaskInstance: clima_pluviometro_precipitacao_15min.carregar_dados_precipitacao_15min manual__2025-04-30T15:01:02.224317+00:00 [running]> on host f6d22487287d
[2025-04-30T15:01:06.010+0000] {taskinstance.py:2480} INFO - Exporting env vars: AIRFLOW_CTX_DAG_OWNER='***' AIRFLOW_CTX_DAG_ID='clima_pluviometro_precipitacao_15min' AIRFLOW_CTX_TASK_ID='carregar_dados_precipitacao_15min' AIRFLOW_CTX_EXECUTION_DATE='2025-04-30T15:01:02.224317+00:00' AIRFLOW_CTX_TRY_NUMBER='1' AIRFLOW_CTX_DAG_RUN_ID='manual__2025-04-30T15:01:02.224317+00:00'
[2025-04-30T15:01:06.020+0000] {logging_mixin.py:188} INFO - [clima_alagamento.alagamento_120min] Recriando tabela...
[2025-04-30T15:01:06.028+0000] {logging_mixin.py:188} INFO - [clima_alagamento.alagamento_120min] Tabela criada e carregada.
[2025-04-30T15:01:06.029+0000] {logging_mixin.py:188} INFO - [clima_alagamento.alagamento_15min] Recriando tabela...
[2025-04-30T15:01:06.035+0000] {logging_mixin.py:188} INFO - [clima_alagamento.alagamento_15min] Tabela criada e carregada.
[2025-04-30T15:01:06.036+0000] {logging_mixin.py:188} INFO - [clima_radar.precipitacao_120min] Recriando tabela...
[2025-04-30T15:01:06.042+0000] {logging_mixin.py:188} INFO - [clima_radar.precipitacao_120min] Tabela criada e carregada.
[2025-04-30T15:01:06.042+0000] {logging_mixin.py:188} INFO - [clima_radar.precipitacao_15min] Recriando tabela...
[2025-04-30T15:01:06.050+0000] {logging_mixin.py:188} INFO - [clima_radar.precipitacao_15min] Tabela criada e carregada.
[2025-04-30T15:01:06.051+0000] {logging_mixin.py:188} INFO - [clima_pluviometro.precipitacao_6h] Recriando tabela...
[2025-04-30T15:01:06.062+0000] {logging_mixin.py:188} INFO - [clima_pluviometro.precipitacao_6h] Tabela criada e carregada.
[2025-04-30T15:01:06.062+0000] {logging_mixin.py:188} INFO - [clima_pluviometro.precipitacao_24h] Recriando tabela...
[2025-04-30T15:01:06.078+0000] {logging_mixin.py:188} INFO - [clima_pluviometro.precipitacao_24h] Tabela criada e carregada.
[2025-04-30T15:01:06.079+0000] {logging_mixin.py:188} INFO - [clima_pluviometro.precipitacao_30min] Recriando tabela...
[2025-04-30T15:01:06.108+0000] {logging_mixin.py:188} INFO - [clima_pluviometro.precipitacao_30min] Tabela criada e carregada.
[2025-04-30T15:01:06.109+0000] {logging_mixin.py:188} INFO - [clima_pluviometro.precipitacao_120min] Recriando tabela...
[2025-04-30T15:01:06.117+0000] {logging_mixin.py:188} INFO - [clima_pluviometro.precipitacao_120min] Tabela criada e carregada.
[2025-04-30T15:01:06.118+0000] {logging_mixin.py:188} INFO - [clima_pluviometro.precipitacao_15min] Recriando tabela...
[2025-04-30T15:01:06.124+0000] {logging_mixin.py:188} INFO - [clima_pluviometro.precipitacao_15min] Tabela criada e carregada.
[2025-04-30T15:01:06.124+0000] {logging_mixin.py:188} INFO - [clima_pluviometro.precipitacao_12h] Recriando tabela...
[2025-04-30T15:01:06.133+0000] {logging_mixin.py:188} INFO - [clima_pluviometro.precipitacao_12h] Tabela criada e carregada.
[2025-04-30T15:01:06.212+0000] {python.py:201} INFO - Done. Returned value was: None
[2025-04-30T15:01:06.219+0000] {taskinstance.py:1138} INFO - Marking task as SUCCESS. dag_id=clima_pluviometro_precipitacao_15min, task_id=carregar_dados_precipitacao_15min, execution_date=20250430T150102, start_date=20250430T150105, end_date=20250430T150106
[2025-04-30T15:01:06.265+0000] {local_task_job_runner.py:234} INFO - Task exited with return code 0
[2025-04-30T15:01:06.276+0000] {taskinstance.py:3280} INFO - 0 downstream tasks scheduled from follow-on schedule check
