[2025-04-30T13:26:04.004+0000] {taskinstance.py:1956} INFO - Dependencies all met for dep_context=non-requeueable deps ti=<TaskInstance: clima_radar_precipitacao_15min.carregar_dados_precipitacao_15min manual__2025-04-30T13:25:59.549463+00:00 [queued]>
[2025-04-30T13:26:04.009+0000] {taskinstance.py:1956} INFO - Dependencies all met for dep_context=requeueable deps ti=<TaskInstance: clima_radar_precipitacao_15min.carregar_dados_precipitacao_15min manual__2025-04-30T13:25:59.549463+00:00 [queued]>
[2025-04-30T13:26:04.010+0000] {taskinstance.py:2170} INFO - Starting attempt 1 of 1
[2025-04-30T13:26:04.018+0000] {taskinstance.py:2191} INFO - Executing <Task(PythonOperator): carregar_dados_precipitacao_15min> on 2025-04-30 13:25:59.549463+00:00
[2025-04-30T13:26:04.021+0000] {standard_task_runner.py:60} INFO - Started process 495 to run task
[2025-04-30T13:26:04.023+0000] {standard_task_runner.py:87} INFO - Running: ['***', 'tasks', 'run', 'clima_radar_precipitacao_15min', 'carregar_dados_precipitacao_15min', 'manual__2025-04-30T13:25:59.549463+00:00', '--job-id', '261', '--raw', '--subdir', 'DAGS_FOLDER/clima_radar.py', '--cfg-path', '/tmp/tmp0ube3z1w']
[2025-04-30T13:26:04.024+0000] {standard_task_runner.py:88} INFO - Job 261: Subtask carregar_dados_precipitacao_15min
[2025-04-30T13:26:04.053+0000] {task_command.py:423} INFO - Running <TaskInstance: clima_radar_precipitacao_15min.carregar_dados_precipitacao_15min manual__2025-04-30T13:25:59.549463+00:00 [running]> on host 81c910e0b178
[2025-04-30T13:26:04.109+0000] {taskinstance.py:2480} INFO - Exporting env vars: AIRFLOW_CTX_DAG_OWNER='***' AIRFLOW_CTX_DAG_ID='clima_radar_precipitacao_15min' AIRFLOW_CTX_TASK_ID='carregar_dados_precipitacao_15min' AIRFLOW_CTX_EXECUTION_DATE='2025-04-30T13:25:59.549463+00:00' AIRFLOW_CTX_TRY_NUMBER='1' AIRFLOW_CTX_DAG_RUN_ID='manual__2025-04-30T13:25:59.549463+00:00'
[2025-04-30T13:26:04.120+0000] {logging_mixin.py:188} INFO - [clima_alagamento.alagamento_120min] Recriando tabela...
[2025-04-30T13:26:04.128+0000] {logging_mixin.py:188} INFO - [clima_alagamento.alagamento_120min] Tabela criada e carregada.
[2025-04-30T13:26:04.129+0000] {logging_mixin.py:188} INFO - [clima_radar.precipitacao_120min] Recriando tabela...
[2025-04-30T13:26:04.137+0000] {logging_mixin.py:188} INFO - [clima_radar.precipitacao_120min] Tabela criada e carregada.
[2025-04-30T13:26:04.138+0000] {logging_mixin.py:188} INFO - [clima_radar.precipitacao_15min] Recriando tabela...
[2025-04-30T13:26:04.146+0000] {logging_mixin.py:188} INFO - [clima_radar.precipitacao_15min] Tabela criada e carregada.
[2025-04-30T13:26:04.146+0000] {logging_mixin.py:188} INFO - [clima_pluviometro.precipitacao_24h] Recriando tabela...
[2025-04-30T13:26:04.166+0000] {logging_mixin.py:188} INFO - [clima_pluviometro.precipitacao_24h] Tabela criada e carregada.
[2025-04-30T13:26:04.167+0000] {logging_mixin.py:188} INFO - [clima_pluviometro.precipitacao_30min] Recriando tabela...
[2025-04-30T13:26:04.208+0000] {logging_mixin.py:188} INFO - [clima_pluviometro.precipitacao_30min] Tabela criada e carregada.
[2025-04-30T13:26:04.263+0000] {python.py:201} INFO - Done. Returned value was: None
[2025-04-30T13:26:04.269+0000] {taskinstance.py:1138} INFO - Marking task as SUCCESS. dag_id=clima_radar_precipitacao_15min, task_id=carregar_dados_precipitacao_15min, execution_date=20250430T132559, start_date=20250430T132604, end_date=20250430T132604
[2025-04-30T13:26:04.315+0000] {local_task_job_runner.py:234} INFO - Task exited with return code 0
[2025-04-30T13:26:04.327+0000] {taskinstance.py:3280} INFO - 0 downstream tasks scheduled from follow-on schedule check
