[2025-04-30T13:44:51.145+0000] {taskinstance.py:1956} INFO - Dependencies all met for dep_context=non-requeueable deps ti=<TaskInstance: vision_ai_cameras.carregar_dados_cameras manual__2025-04-30T13:44:47.311130+00:00 [queued]>
[2025-04-30T13:44:51.150+0000] {taskinstance.py:1956} INFO - Dependencies all met for dep_context=requeueable deps ti=<TaskInstance: vision_ai_cameras.carregar_dados_cameras manual__2025-04-30T13:44:47.311130+00:00 [queued]>
[2025-04-30T13:44:51.151+0000] {taskinstance.py:2170} INFO - Starting attempt 1 of 1
[2025-04-30T13:44:51.158+0000] {taskinstance.py:2191} INFO - Executing <Task(PythonOperator): carregar_dados_cameras> on 2025-04-30 13:44:47.311130+00:00
[2025-04-30T13:44:51.161+0000] {standard_task_runner.py:60} INFO - Started process 1454 to run task
[2025-04-30T13:44:51.163+0000] {standard_task_runner.py:87} INFO - Running: ['***', 'tasks', 'run', 'vision_ai_cameras', 'carregar_dados_cameras', 'manual__2025-04-30T13:44:47.311130+00:00', '--job-id', '267', '--raw', '--subdir', 'DAGS_FOLDER/vision_ai.py', '--cfg-path', '/tmp/tmpvdcm057b']
[2025-04-30T13:44:51.164+0000] {standard_task_runner.py:88} INFO - Job 267: Subtask carregar_dados_cameras
[2025-04-30T13:44:51.190+0000] {task_command.py:423} INFO - Running <TaskInstance: vision_ai_cameras.carregar_dados_cameras manual__2025-04-30T13:44:47.311130+00:00 [running]> on host 81c910e0b178
[2025-04-30T13:44:51.237+0000] {taskinstance.py:2480} INFO - Exporting env vars: AIRFLOW_CTX_DAG_OWNER='***' AIRFLOW_CTX_DAG_ID='vision_ai_cameras' AIRFLOW_CTX_TASK_ID='carregar_dados_cameras' AIRFLOW_CTX_EXECUTION_DATE='2025-04-30T13:44:47.311130+00:00' AIRFLOW_CTX_TRY_NUMBER='1' AIRFLOW_CTX_DAG_RUN_ID='manual__2025-04-30T13:44:47.311130+00:00'
[2025-04-30T13:44:51.295+0000] {logging_mixin.py:188} INFO - [clima_alagamento.alagamento_120min] Recriando tabela...
[2025-04-30T13:44:51.313+0000] {logging_mixin.py:188} INFO - [clima_alagamento.alagamento_120min] Tabela criada e carregada.
[2025-04-30T13:44:51.314+0000] {logging_mixin.py:188} INFO - [clima_radar.precipitacao_120min] Recriando tabela...
[2025-04-30T13:44:51.324+0000] {logging_mixin.py:188} INFO - [clima_radar.precipitacao_120min] Tabela criada e carregada.
[2025-04-30T13:44:51.325+0000] {logging_mixin.py:188} INFO - [clima_radar.precipitacao_15min] Recriando tabela...
[2025-04-30T13:44:51.335+0000] {logging_mixin.py:188} INFO - [clima_radar.precipitacao_15min] Tabela criada e carregada.
[2025-04-30T13:44:51.336+0000] {logging_mixin.py:188} INFO - [clima_pluviometro.precipitacao_24h] Recriando tabela...
[2025-04-30T13:44:51.365+0000] {logging_mixin.py:188} INFO - [clima_pluviometro.precipitacao_24h] Tabela criada e carregada.
[2025-04-30T13:44:51.366+0000] {logging_mixin.py:188} INFO - [clima_pluviometro.precipitacao_30min] Recriando tabela...
[2025-04-30T13:44:51.409+0000] {logging_mixin.py:188} INFO - [clima_pluviometro.precipitacao_30min] Tabela criada e carregada.
[2025-04-30T13:44:51.471+0000] {python.py:201} INFO - Done. Returned value was: None
[2025-04-30T13:44:51.481+0000] {taskinstance.py:1138} INFO - Marking task as SUCCESS. dag_id=vision_ai_cameras, task_id=carregar_dados_cameras, execution_date=20250430T134447, start_date=20250430T134451, end_date=20250430T134451
[2025-04-30T13:44:51.535+0000] {local_task_job_runner.py:234} INFO - Task exited with return code 0
[2025-04-30T13:44:51.553+0000] {taskinstance.py:3280} INFO - 0 downstream tasks scheduled from follow-on schedule check
