[2025-04-30T15:00:50.084+0000] {taskinstance.py:1956} INFO - Dependencies all met for dep_context=non-requeueable deps ti=<TaskInstance: clima_alagamento_alagamento_15min.carregar_dados_alagamento_15min manual__2025-04-30T15:00:45.160944+00:00 [queued]>
[2025-04-30T15:00:50.090+0000] {taskinstance.py:1956} INFO - Dependencies all met for dep_context=requeueable deps ti=<TaskInstance: clima_alagamento_alagamento_15min.carregar_dados_alagamento_15min manual__2025-04-30T15:00:45.160944+00:00 [queued]>
[2025-04-30T15:00:50.090+0000] {taskinstance.py:2170} INFO - Starting attempt 1 of 1
[2025-04-30T15:00:50.100+0000] {taskinstance.py:2191} INFO - Executing <Task(PythonOperator): carregar_dados_alagamento_15min> on 2025-04-30 15:00:45.160944+00:00
[2025-04-30T15:00:50.103+0000] {standard_task_runner.py:60} INFO - Started process 257 to run task
[2025-04-30T15:00:50.105+0000] {standard_task_runner.py:87} INFO - Running: ['***', 'tasks', 'run', 'clima_alagamento_alagamento_15min', 'carregar_dados_alagamento_15min', 'manual__2025-04-30T15:00:45.160944+00:00', '--job-id', '285', '--raw', '--subdir', 'DAGS_FOLDER/clima_alagamento.py', '--cfg-path', '/tmp/tmpmkwhlnxl']
[2025-04-30T15:00:50.106+0000] {standard_task_runner.py:88} INFO - Job 285: Subtask carregar_dados_alagamento_15min
[2025-04-30T15:00:50.137+0000] {task_command.py:423} INFO - Running <TaskInstance: clima_alagamento_alagamento_15min.carregar_dados_alagamento_15min manual__2025-04-30T15:00:45.160944+00:00 [running]> on host f6d22487287d
[2025-04-30T15:00:50.190+0000] {taskinstance.py:2480} INFO - Exporting env vars: AIRFLOW_CTX_DAG_OWNER='***' AIRFLOW_CTX_DAG_ID='clima_alagamento_alagamento_15min' AIRFLOW_CTX_TASK_ID='carregar_dados_alagamento_15min' AIRFLOW_CTX_EXECUTION_DATE='2025-04-30T15:00:45.160944+00:00' AIRFLOW_CTX_TRY_NUMBER='1' AIRFLOW_CTX_DAG_RUN_ID='manual__2025-04-30T15:00:45.160944+00:00'
[2025-04-30T15:00:50.204+0000] {logging_mixin.py:188} INFO - [clima_alagamento.alagamento_120min] Recriando tabela...
[2025-04-30T15:00:50.213+0000] {logging_mixin.py:188} INFO - [clima_alagamento.alagamento_120min] Tabela criada e carregada.
[2025-04-30T15:00:50.213+0000] {logging_mixin.py:188} INFO - [clima_alagamento.alagamento_15min] Recriando tabela...
[2025-04-30T15:00:50.219+0000] {logging_mixin.py:188} INFO - [clima_alagamento.alagamento_15min] Tabela criada e carregada.
[2025-04-30T15:00:50.220+0000] {logging_mixin.py:188} INFO - [clima_radar.precipitacao_120min] Recriando tabela...
[2025-04-30T15:00:50.227+0000] {logging_mixin.py:188} INFO - [clima_radar.precipitacao_120min] Tabela criada e carregada.
[2025-04-30T15:00:50.228+0000] {logging_mixin.py:188} INFO - [clima_radar.precipitacao_15min] Recriando tabela...
[2025-04-30T15:00:50.237+0000] {logging_mixin.py:188} INFO - [clima_radar.precipitacao_15min] Tabela criada e carregada.
[2025-04-30T15:00:50.238+0000] {logging_mixin.py:188} INFO - [clima_pluviometro.precipitacao_6h] Recriando tabela...
[2025-04-30T15:00:50.254+0000] {logging_mixin.py:188} INFO - [clima_pluviometro.precipitacao_6h] Tabela criada e carregada.
[2025-04-30T15:00:50.255+0000] {logging_mixin.py:188} INFO - [clima_pluviometro.precipitacao_24h] Recriando tabela...
[2025-04-30T15:00:50.275+0000] {logging_mixin.py:188} INFO - [clima_pluviometro.precipitacao_24h] Tabela criada e carregada.
[2025-04-30T15:00:50.276+0000] {logging_mixin.py:188} INFO - [clima_pluviometro.precipitacao_30min] Recriando tabela...
[2025-04-30T15:00:50.309+0000] {logging_mixin.py:188} INFO - [clima_pluviometro.precipitacao_30min] Tabela criada e carregada.
[2025-04-30T15:00:50.310+0000] {logging_mixin.py:188} INFO - [clima_pluviometro.precipitacao_120min] Recriando tabela...
[2025-04-30T15:00:50.318+0000] {logging_mixin.py:188} INFO - [clima_pluviometro.precipitacao_120min] Tabela criada e carregada.
[2025-04-30T15:00:50.387+0000] {python.py:201} INFO - Done. Returned value was: None
[2025-04-30T15:00:50.394+0000] {taskinstance.py:1138} INFO - Marking task as SUCCESS. dag_id=clima_alagamento_alagamento_15min, task_id=carregar_dados_alagamento_15min, execution_date=20250430T150045, start_date=20250430T150050, end_date=20250430T150050
[2025-04-30T15:00:50.438+0000] {local_task_job_runner.py:234} INFO - Task exited with return code 0
[2025-04-30T15:00:50.448+0000] {taskinstance.py:3280} INFO - 0 downstream tasks scheduled from follow-on schedule check
