[2025-04-30T14:53:42.252+0000] {taskinstance.py:1956} INFO - Dependencies all met for dep_context=non-requeueable deps ti=<TaskInstance: clima_pluviometro_precipitacao_6h.carregar_dados_precipitacao_6h manual__2025-04-30T14:53:37.833029+00:00 [queued]>
[2025-04-30T14:53:42.257+0000] {taskinstance.py:1956} INFO - Dependencies all met for dep_context=requeueable deps ti=<TaskInstance: clima_pluviometro_precipitacao_6h.carregar_dados_precipitacao_6h manual__2025-04-30T14:53:37.833029+00:00 [queued]>
[2025-04-30T14:53:42.257+0000] {taskinstance.py:2170} INFO - Starting attempt 1 of 1
[2025-04-30T14:53:42.265+0000] {taskinstance.py:2191} INFO - Executing <Task(PythonOperator): carregar_dados_precipitacao_6h> on 2025-04-30 14:53:37.833029+00:00
[2025-04-30T14:53:42.268+0000] {standard_task_runner.py:60} INFO - Started process 982 to run task
[2025-04-30T14:53:42.270+0000] {standard_task_runner.py:87} INFO - Running: ['***', 'tasks', 'run', 'clima_pluviometro_precipitacao_6h', 'carregar_dados_precipitacao_6h', 'manual__2025-04-30T14:53:37.833029+00:00', '--job-id', '281', '--raw', '--subdir', 'DAGS_FOLDER/clima_pluviometro.py', '--cfg-path', '/tmp/tmp2eopofn_']
[2025-04-30T14:53:42.271+0000] {standard_task_runner.py:88} INFO - Job 281: Subtask carregar_dados_precipitacao_6h
[2025-04-30T14:53:42.298+0000] {task_command.py:423} INFO - Running <TaskInstance: clima_pluviometro_precipitacao_6h.carregar_dados_precipitacao_6h manual__2025-04-30T14:53:37.833029+00:00 [running]> on host 48c92da2f6a1
[2025-04-30T14:53:42.349+0000] {taskinstance.py:2480} INFO - Exporting env vars: AIRFLOW_CTX_DAG_OWNER='***' AIRFLOW_CTX_DAG_ID='clima_pluviometro_precipitacao_6h' AIRFLOW_CTX_TASK_ID='carregar_dados_precipitacao_6h' AIRFLOW_CTX_EXECUTION_DATE='2025-04-30T14:53:37.833029+00:00' AIRFLOW_CTX_TRY_NUMBER='1' AIRFLOW_CTX_DAG_RUN_ID='manual__2025-04-30T14:53:37.833029+00:00'
[2025-04-30T14:53:42.362+0000] {logging_mixin.py:188} INFO - [clima_alagamento.alagamento_120min] Recriando tabela...
[2025-04-30T14:53:42.373+0000] {logging_mixin.py:188} INFO - [clima_alagamento.alagamento_120min] Tabela criada e carregada.
[2025-04-30T14:53:42.374+0000] {logging_mixin.py:188} INFO - [clima_radar.precipitacao_120min] Recriando tabela...
[2025-04-30T14:53:42.381+0000] {logging_mixin.py:188} INFO - [clima_radar.precipitacao_120min] Tabela criada e carregada.
[2025-04-30T14:53:42.382+0000] {logging_mixin.py:188} INFO - [clima_radar.precipitacao_15min] Recriando tabela...
[2025-04-30T14:53:42.391+0000] {logging_mixin.py:188} INFO - [clima_radar.precipitacao_15min] Tabela criada e carregada.
[2025-04-30T14:53:42.392+0000] {logging_mixin.py:188} INFO - [clima_pluviometro.precipitacao_6h] Recriando tabela...
[2025-04-30T14:53:42.408+0000] {logging_mixin.py:188} INFO - [clima_pluviometro.precipitacao_6h] Tabela criada e carregada.
[2025-04-30T14:53:42.409+0000] {logging_mixin.py:188} INFO - [clima_pluviometro.precipitacao_24h] Recriando tabela...
[2025-04-30T14:53:42.431+0000] {logging_mixin.py:188} INFO - [clima_pluviometro.precipitacao_24h] Tabela criada e carregada.
[2025-04-30T14:53:42.432+0000] {logging_mixin.py:188} INFO - [clima_pluviometro.precipitacao_30min] Recriando tabela...
[2025-04-30T14:53:42.468+0000] {logging_mixin.py:188} INFO - [clima_pluviometro.precipitacao_30min] Tabela criada e carregada.
[2025-04-30T14:53:42.469+0000] {logging_mixin.py:188} INFO - [clima_pluviometro.precipitacao_120min] Recriando tabela...
[2025-04-30T14:53:42.477+0000] {logging_mixin.py:188} INFO - [clima_pluviometro.precipitacao_120min] Tabela criada e carregada.
[2025-04-30T14:53:42.542+0000] {python.py:201} INFO - Done. Returned value was: None
[2025-04-30T14:53:42.549+0000] {taskinstance.py:1138} INFO - Marking task as SUCCESS. dag_id=clima_pluviometro_precipitacao_6h, task_id=carregar_dados_precipitacao_6h, execution_date=20250430T145337, start_date=20250430T145342, end_date=20250430T145342
[2025-04-30T14:53:42.562+0000] {local_task_job_runner.py:234} INFO - Task exited with return code 0
[2025-04-30T14:53:42.573+0000] {taskinstance.py:3280} INFO - 0 downstream tasks scheduled from follow-on schedule check
