[2025-04-30T14:30:36.707+0000] {taskinstance.py:1956} INFO - Dependencies all met for dep_context=non-requeueable deps ti=<TaskInstance: clima_pluviometro_precipitacao_6h.carregar_dados_precipitacao_6h manual__2025-04-30T14:30:32.540240+00:00 [queued]>
[2025-04-30T14:30:36.711+0000] {taskinstance.py:1956} INFO - Dependencies all met for dep_context=requeueable deps ti=<TaskInstance: clima_pluviometro_precipitacao_6h.carregar_dados_precipitacao_6h manual__2025-04-30T14:30:32.540240+00:00 [queued]>
[2025-04-30T14:30:36.712+0000] {taskinstance.py:2170} INFO - Starting attempt 1 of 1
[2025-04-30T14:30:36.719+0000] {taskinstance.py:2191} INFO - Executing <Task(PythonOperator): carregar_dados_precipitacao_6h> on 2025-04-30 14:30:32.540240+00:00
[2025-04-30T14:30:36.721+0000] {standard_task_runner.py:60} INFO - Started process 299 to run task
[2025-04-30T14:30:36.723+0000] {standard_task_runner.py:87} INFO - Running: ['***', 'tasks', 'run', 'clima_pluviometro_precipitacao_6h', 'carregar_dados_precipitacao_6h', 'manual__2025-04-30T14:30:32.540240+00:00', '--job-id', '274', '--raw', '--subdir', 'DAGS_FOLDER/clima_pluviometro.py', '--cfg-path', '/tmp/tmpdqzgn3rv']
[2025-04-30T14:30:36.724+0000] {standard_task_runner.py:88} INFO - Job 274: Subtask carregar_dados_precipitacao_6h
[2025-04-30T14:30:36.750+0000] {task_command.py:423} INFO - Running <TaskInstance: clima_pluviometro_precipitacao_6h.carregar_dados_precipitacao_6h manual__2025-04-30T14:30:32.540240+00:00 [running]> on host 8c2672e2ea19
[2025-04-30T14:30:36.792+0000] {taskinstance.py:2480} INFO - Exporting env vars: AIRFLOW_CTX_DAG_OWNER='***' AIRFLOW_CTX_DAG_ID='clima_pluviometro_precipitacao_6h' AIRFLOW_CTX_TASK_ID='carregar_dados_precipitacao_6h' AIRFLOW_CTX_EXECUTION_DATE='2025-04-30T14:30:32.540240+00:00' AIRFLOW_CTX_TRY_NUMBER='1' AIRFLOW_CTX_DAG_RUN_ID='manual__2025-04-30T14:30:32.540240+00:00'
[2025-04-30T14:30:36.802+0000] {logging_mixin.py:188} INFO - [clima_alagamento.alagamento_120min] Recriando tabela...
[2025-04-30T14:30:36.811+0000] {logging_mixin.py:188} INFO - [clima_alagamento.alagamento_120min] Tabela criada e carregada.
[2025-04-30T14:30:36.811+0000] {logging_mixin.py:188} INFO - [clima_radar.precipitacao_120min] Recriando tabela...
[2025-04-30T14:30:36.818+0000] {logging_mixin.py:188} INFO - [clima_radar.precipitacao_120min] Tabela criada e carregada.
[2025-04-30T14:30:36.818+0000] {logging_mixin.py:188} INFO - [clima_radar.precipitacao_15min] Recriando tabela...
[2025-04-30T14:30:36.825+0000] {logging_mixin.py:188} INFO - [clima_radar.precipitacao_15min] Tabela criada e carregada.
[2025-04-30T14:30:36.826+0000] {logging_mixin.py:188} INFO - [clima_pluviometro.precipitacao_6h] Recriando tabela...
[2025-04-30T14:30:36.833+0000] {logging_mixin.py:188} INFO - [clima_pluviometro.precipitacao_6h] Tabela criada e carregada.
[2025-04-30T14:30:36.833+0000] {logging_mixin.py:188} INFO - [clima_pluviometro.precipitacao_24h] Recriando tabela...
[2025-04-30T14:30:36.853+0000] {logging_mixin.py:188} INFO - [clima_pluviometro.precipitacao_24h] Tabela criada e carregada.
[2025-04-30T14:30:36.854+0000] {logging_mixin.py:188} INFO - [clima_pluviometro.precipitacao_30min] Recriando tabela...
[2025-04-30T14:30:36.883+0000] {logging_mixin.py:188} INFO - [clima_pluviometro.precipitacao_30min] Tabela criada e carregada.
[2025-04-30T14:30:36.939+0000] {python.py:201} INFO - Done. Returned value was: None
[2025-04-30T14:30:36.945+0000] {taskinstance.py:1138} INFO - Marking task as SUCCESS. dag_id=clima_pluviometro_precipitacao_6h, task_id=carregar_dados_precipitacao_6h, execution_date=20250430T143032, start_date=20250430T143036, end_date=20250430T143036
[2025-04-30T14:30:36.975+0000] {local_task_job_runner.py:234} INFO - Task exited with return code 0
[2025-04-30T14:30:36.986+0000] {taskinstance.py:3280} INFO - 0 downstream tasks scheduled from follow-on schedule check
