[2025-04-30T13:24:25.103+0000] {taskinstance.py:1956} INFO - Dependencies all met for dep_context=non-requeueable deps ti=<TaskInstance: vision_ai_cameras.carregar_dados_cameras manual__2025-04-30T13:24:21.087811+00:00 [queued]>
[2025-04-30T13:24:25.109+0000] {taskinstance.py:1956} INFO - Dependencies all met for dep_context=requeueable deps ti=<TaskInstance: vision_ai_cameras.carregar_dados_cameras manual__2025-04-30T13:24:21.087811+00:00 [queued]>
[2025-04-30T13:24:25.109+0000] {taskinstance.py:2170} INFO - Starting attempt 1 of 1
[2025-04-30T13:24:25.118+0000] {taskinstance.py:2191} INFO - Executing <Task(PythonOperator): carregar_dados_cameras> on 2025-04-30 13:24:21.087811+00:00
[2025-04-30T13:24:25.121+0000] {standard_task_runner.py:60} INFO - Started process 376 to run task
[2025-04-30T13:24:25.123+0000] {standard_task_runner.py:87} INFO - Running: ['***', 'tasks', 'run', 'vision_ai_cameras', 'carregar_dados_cameras', 'manual__2025-04-30T13:24:21.087811+00:00', '--job-id', '256', '--raw', '--subdir', 'DAGS_FOLDER/vision_ai.py', '--cfg-path', '/tmp/tmpghuq8oj1']
[2025-04-30T13:24:25.124+0000] {standard_task_runner.py:88} INFO - Job 256: Subtask carregar_dados_cameras
[2025-04-30T13:24:25.153+0000] {task_command.py:423} INFO - Running <TaskInstance: vision_ai_cameras.carregar_dados_cameras manual__2025-04-30T13:24:21.087811+00:00 [running]> on host 81c910e0b178
[2025-04-30T13:24:25.207+0000] {taskinstance.py:2480} INFO - Exporting env vars: AIRFLOW_CTX_DAG_OWNER='***' AIRFLOW_CTX_DAG_ID='vision_ai_cameras' AIRFLOW_CTX_TASK_ID='carregar_dados_cameras' AIRFLOW_CTX_EXECUTION_DATE='2025-04-30T13:24:21.087811+00:00' AIRFLOW_CTX_TRY_NUMBER='1' AIRFLOW_CTX_DAG_RUN_ID='manual__2025-04-30T13:24:21.087811+00:00'
[2025-04-30T13:24:25.218+0000] {logging_mixin.py:188} INFO - [clima_alagamento.alagamento_120min] Recriando tabela...
[2025-04-30T13:24:25.231+0000] {logging_mixin.py:188} INFO - [clima_alagamento.alagamento_120min] Tabela criada e carregada.
[2025-04-30T13:24:25.232+0000] {logging_mixin.py:188} INFO - [clima_radar.precipitacao_120min] Recriando tabela...
[2025-04-30T13:24:25.243+0000] {logging_mixin.py:188} INFO - [clima_radar.precipitacao_120min] Tabela criada e carregada.
[2025-04-30T13:24:25.243+0000] {logging_mixin.py:188} INFO - [clima_radar.precipitacao_15min] Recriando tabela...
[2025-04-30T13:24:25.250+0000] {logging_mixin.py:188} INFO - [clima_radar.precipitacao_15min] Tabela criada e carregada.
[2025-04-30T13:24:25.250+0000] {logging_mixin.py:188} INFO - [clima_pluviometro.precipitacao_24h] Recriando tabela...
[2025-04-30T13:24:25.273+0000] {logging_mixin.py:188} INFO - [clima_pluviometro.precipitacao_24h] Tabela criada e carregada.
[2025-04-30T13:24:25.274+0000] {logging_mixin.py:188} INFO - [clima_pluviometro.precipitacao_30min] Recriando tabela...
[2025-04-30T13:24:25.370+0000] {logging_mixin.py:188} INFO - [clima_pluviometro.precipitacao_30min] Tabela criada e carregada.
[2025-04-30T13:24:25.421+0000] {python.py:201} INFO - Done. Returned value was: None
[2025-04-30T13:24:25.427+0000] {taskinstance.py:1138} INFO - Marking task as SUCCESS. dag_id=vision_ai_cameras, task_id=carregar_dados_cameras, execution_date=20250430T132421, start_date=20250430T132425, end_date=20250430T132425
[2025-04-30T13:24:25.455+0000] {local_task_job_runner.py:234} INFO - Task exited with return code 0
[2025-04-30T13:24:25.466+0000] {taskinstance.py:3280} INFO - 0 downstream tasks scheduled from follow-on schedule check
